2017-03-22 02:08:17,845 INFO Main start
2017-03-22 02:10:28,898 INFO Main start
2017-03-22 02:11:27,865 INFO Main start
2017-03-22 02:13:52,364 INFO Main start
2017-03-22 02:13:52,427 INFO (<function dites_bonjour at 0x01903DB0>, 'M. Fry')
2017-03-22 02:13:52,427 INFO (<function dites_bonjour at 0x01903DB0>, 'M. Bender')
2017-03-22 02:13:52,427 INFO (<function dites_bonjour at 0x01903DB0>, 'M. Hermes Conrad')
2017-03-22 02:13:52,427 INFO (<function dites_bonjour at 0x01903DB0>, 'M. Hubert J. Farnsworth')
2017-03-22 02:13:52,427 INFO (<function dites_bonjour at 0x01903DB0>, 'M. John A. Zoidberg')
2017-03-22 02:13:52,427 INFO (<function dites_bonjour at 0x01903DB0>, "M. Richard Nixon's head")
2017-03-22 02:13:52,427 INFO (<function dites_bonjour at 0x01903DB0>, 'M. Zapp Brannigan')
2017-03-22 02:13:52,427 INFO (<function dites_bonjour at 0x01903DB0>, 'M. Kif Kroker')
2017-03-22 02:13:52,427 INFO (<function dites_bonjour at 0x01903DB0>, 'M. Nibbler')
2017-03-22 02:13:52,427 INFO (<function dites_bonjour at 0x01903DB0>, 'M. Scruffy')
2017-03-22 02:13:52,441 INFO (<function dites_bonjour at 0x01903DB0>, 'M. Leo Wong')
2017-03-22 02:13:52,441 INFO (<function dites_bonjour at 0x01903DB0>, 'M. Lrrr')
2017-03-22 02:13:52,441 INFO (<function dites_bonjour at 0x01903DB0>, 'M. Cubert Farnsworth')
2017-03-22 02:13:52,441 INFO (<function dites_bonjour at 0x01903DB0>, 'M. Dwight Conrad')
2017-03-22 02:16:11,369 INFO Main start
2017-03-22 02:18:08,753 INFO Main start
2017-03-22 02:18:14,275 INFO Main start
2017-03-22 02:23:52,020 INFO Main start
2017-03-22 02:25:18,223 INFO Main start
2017-03-22 02:25:18,270 INFO (<function dites_bonjour at 0x01923DB0>, 'Mlle. Sylvie Borgeois')
2017-03-22 02:25:18,270 INFO (<function dites_bonjour at 0x01923DB0>, 'Mlle. Charlotte Dupont')
2017-03-22 02:25:18,707 INFO Process-3 says that dites_bonjour Mlle. Sylvie Borgeois = Bonjour Mlle. Sylvie Borgeois !
2017-03-22 02:25:18,707 INFO Process-3 says that dites_bonjour Mlle. Charlotte Dupont = Bonjour Mlle. Charlotte Dupont !
2017-03-22 02:25:18,707 INFO (<function dites_bonjour at 0x01923DB0>, 'Mme. Leela')
2017-03-22 02:25:18,707 INFO (<function dites_bonjour at 0x01923DB0>, 'Mme. Amy Wong')
2017-03-22 02:25:18,707 INFO (<function dites_bonjour at 0x01923DB0>, 'Mme. Mom')
2017-03-22 02:25:18,707 INFO (<function dites_bonjour at 0x01923DB0>, 'Mme. LaBarbara Conrad')
2017-03-22 02:25:18,707 INFO Process-3 says that dites_bonjour Mme. Leela = Bonjour Mme. Leela !
2017-03-22 02:25:18,707 INFO Process-3 says that dites_bonjour Mme. Amy Wong = Bonjour Mme. Amy Wong !
2017-03-22 02:25:18,707 INFO Process-3 says that dites_bonjour Mme. Mom = Bonjour Mme. Mom !
2017-03-22 02:25:18,707 INFO Process-3 says that dites_bonjour Mme. LaBarbara Conrad = Bonjour Mme. LaBarbara Conrad !
2017-03-22 02:25:18,707 INFO (<function dites_bonjour at 0x01923DB0>, 'M. Fry')
2017-03-22 02:25:18,707 INFO (<function dites_bonjour at 0x01923DB0>, 'M. Bender')
2017-03-22 02:25:18,707 INFO (<function dites_bonjour at 0x01923DB0>, 'M. Hermes Conrad')
2017-03-22 02:25:18,707 INFO (<function dites_bonjour at 0x01923DB0>, 'M. Hubert J. Farnsworth')
2017-03-22 02:25:18,723 INFO (<function dites_bonjour at 0x01923DB0>, 'M. John A. Zoidberg')
2017-03-22 02:25:18,723 INFO (<function dites_bonjour at 0x01923DB0>, "M. Richard Nixon's head")
2017-03-22 02:25:18,723 INFO (<function dites_bonjour at 0x01923DB0>, 'M. Zapp Brannigan')
2017-03-22 02:25:18,723 INFO (<function dites_bonjour at 0x01923DB0>, 'M. Kif Kroker')
2017-03-22 02:25:18,739 INFO (<function dites_bonjour at 0x01923DB0>, 'M. Nibbler')
2017-03-22 02:25:18,739 INFO (<function dites_bonjour at 0x01923DB0>, 'M. Scruffy')
2017-03-22 02:25:18,739 INFO (<function dites_bonjour at 0x01923DB0>, 'M. Leo Wong')
2017-03-22 02:25:18,739 INFO (<function dites_bonjour at 0x01923DB0>, 'M. Lrrr')
2017-03-22 02:25:18,739 INFO (<function dites_bonjour at 0x01923DB0>, 'M. Cubert Farnsworth')
2017-03-22 02:25:18,739 INFO (<function dites_bonjour at 0x01923DB0>, 'M. Dwight Conrad')
2017-03-22 02:25:18,739 INFO Process-3 says that dites_bonjour M. Fry = Bonjour M. Fry !
2017-03-22 02:25:18,739 INFO Process-3 says that dites_bonjour M. Bender = Bonjour M. Bender !
2017-03-22 02:25:18,739 INFO Process-3 says that dites_bonjour M. Hermes Conrad = Bonjour M. Hermes Conrad !
2017-03-22 02:25:18,739 INFO Process-3 says that dites_bonjour M. Hubert J. Farnsworth = Bonjour M. Hubert J. Farnsworth !
2017-03-22 02:25:18,739 INFO Process-3 says that dites_bonjour M. John A. Zoidberg = Bonjour M. John A. Zoidberg !
2017-03-22 02:25:18,753 INFO Process-3 says that dites_bonjour M. Richard Nixon's head = Bonjour M. Richard Nixon's head !
2017-03-22 02:25:18,753 INFO Process-3 says that dites_bonjour M. Kif Kroker = Bonjour M. Kif Kroker !
2017-03-22 02:25:18,753 INFO Process-3 says that dites_bonjour M. Nibbler = Bonjour M. Nibbler !
2017-03-22 02:25:18,753 INFO Process-3 says that dites_bonjour M. Scruffy = Bonjour M. Scruffy !
2017-03-22 02:25:18,753 INFO Process-3 says that dites_bonjour M. Leo Wong = Bonjour M. Leo Wong !
2017-03-22 02:25:18,753 INFO Process-3 says that dites_bonjour M. Lrrr = Bonjour M. Lrrr !
2017-03-22 02:25:18,753 INFO Process-3 says that dites_bonjour M. Cubert Farnsworth = Bonjour M. Cubert Farnsworth !
2017-03-22 02:25:18,753 INFO Process-3 says that dites_bonjour M. Dwight Conrad = Bonjour M. Dwight Conrad !
2017-03-22 02:25:18,769 INFO Process-1 says that dites_bonjour M. Zapp Brannigan = Bonjour M. Zapp Brannigan !
2017-03-22 02:25:18,769 INFO Main stop
2017-03-22 02:29:49,887 INFO Main start
